Using pre-set license
Built from '2020.3/staging' branch; Version is '2020.3.4f1 (0abb6314276a) revision 703331'; Using compiler version '192528614'; Build Type 'Release'
OS: 'Windows 10 Pro; OS build 19042.985; Version 2009; 64bit' Language: 'es' Physical Memory: 16335 MB
BatchMode: 1, IsHumanControllingUs: 0, StartBugReporterOnCrash: 0, Is64bit: 1, IsPro: 0

 COMMAND LINE ARGUMENTS:
C:\Users\axel_\Documents\Unity Projects\2020.3.4f1\Editor\Unity.exe
-adb2
-batchMode
-noUpm
-name
AssetImportWorker0
-projectPath
C:/Users/axel_/Documents/GITHUB REPOSITORIOS/Ejemplo (Unity)/Ejemplo
-logFile
Logs/AssetImportWorker0.log
-srvPort
60908
Successfully changed project path to: C:/Users/axel_/Documents/GITHUB REPOSITORIOS/Ejemplo (Unity)/Ejemplo
C:/Users/axel_/Documents/GITHUB REPOSITORIOS/Ejemplo (Unity)/Ejemplo
Using Asset Import Pipeline V2.
Refreshing native plugins compatible for Editor in 58.20 ms, found 1 plugins.
Preloading 0 native plugins for Editor in 0.00 ms.
Initialize engine version: 2020.3.4f1 (0abb6314276a)
[Subsystems] Discovering subsystems at path C:/Users/axel_/Documents/Unity Projects/2020.3.4f1/Editor/Data/Resources/UnitySubsystems
[Subsystems] Discovering subsystems at path C:/Users/axel_/Documents/GITHUB REPOSITORIOS/Ejemplo (Unity)/Ejemplo/Assets
GfxDevice: creating device client; threaded=0
Direct3D:
    Version:  Direct3D 11.0 [level 11.1]
    Renderer: NVIDIA GeForce GTX 1060 3GB (ID=0x1c02)
    Vendor:   
    VRAM:     2988 MB
    Driver:   27.21.14.6089
Initialize mono
Mono path[0] = 'C:/Users/axel_/Documents/Unity Projects/2020.3.4f1/Editor/Data/Managed'
Mono path[1] = 'C:/Users/axel_/Documents/Unity Projects/2020.3.4f1/Editor/Data/MonoBleedingEdge/lib/mono/unityjit'
Mono config path = 'C:/Users/axel_/Documents/Unity Projects/2020.3.4f1/Editor/Data/MonoBleedingEdge/etc'
Using monoOptions --debugger-agent=transport=dt_socket,embedding=1,server=y,suspend=n,address=127.0.0.1:56496
Begin MonoManager ReloadAssembly
Registering precompiled unity dll's ...
Register platform support module: C:/Users/axel_/Documents/Unity Projects/2020.3.4f1/Editor/Data/PlaybackEngines/WindowsStandaloneSupport/UnityEditor.WindowsStandalone.Extensions.dll
Registered in 0.002456 seconds.
Native extension for WindowsStandalone target not found
Refreshing native plugins compatible for Editor in 43.73 ms, found 1 plugins.
Preloading 0 native plugins for Editor in 0.00 ms.
Mono: successfully reloaded assembly
- Completed reload, in  1.355 seconds
Platform modules already initialized, skipping
Registering precompiled user dll's ...
Registered in 0.001135 seconds.
Begin MonoManager ReloadAssembly
Native extension for WindowsStandalone target not found
Refreshing native plugins compatible for Editor in 43.38 ms, found 1 plugins.
Preloading 0 native plugins for Editor in 0.00 ms.
Mono: successfully reloaded assembly
- Completed reload, in  1.092 seconds
Platform modules already initialized, skipping
========================================================================
Worker process is ready to serve import requests
Launched and connected shader compiler UnityShaderCompiler.exe after 0.05 seconds
Refreshing native plugins compatible for Editor in 0.44 ms, found 1 plugins.
Preloading 0 native plugins for Editor in 0.00 ms.
Unloading 1815 Unused Serialized files (Serialized files now loaded: 0)
System memory in use before: 85.9 MB.
System memory in use after: 85.9 MB.

Unloading 23 unused Assets to reduce memory usage. Loaded Objects now: 2264.
Total: 2.406700 ms (FindLiveObjects: 0.310200 ms CreateObjectMapping: 0.058700 ms MarkObjects: 1.901700 ms  DeleteObjects: 0.134700 ms)

========================================================================
Received Import Request.
  path: Assets/Prefabs/Prefab Rooms/RoomGenericE1.prefab
  artifactKey: Guid(5c5e78cb0cfb72f4bac707ebf94b49fc) Importer(815301076,1909f56bfc062723c751e8b465ee728b)
Start importing Assets/Prefabs/Prefab Rooms/RoomGenericE1.prefab using Guid(5c5e78cb0cfb72f4bac707ebf94b49fc) Importer(815301076,1909f56bfc062723c751e8b465ee728b)  -> (artifact id: '5964f7e07b3704bcd109d21e32944dc1') in 0.131927 seconds
  Import took 0.135877 seconds .

========================================================================
Received Import Request.
  Time since last request: 0.000297 seconds.
  path: Assets/Prefabs/Prefab Rooms/RoomGenericE3.prefab
  artifactKey: Guid(ff05be02630d16c46a8b2a824d0065f0) Importer(815301076,1909f56bfc062723c751e8b465ee728b)
Start importing Assets/Prefabs/Prefab Rooms/RoomGenericE3.prefab using Guid(ff05be02630d16c46a8b2a824d0065f0) Importer(815301076,1909f56bfc062723c751e8b465ee728b)  -> (artifact id: '80f8b567833a4b3b7088bf9b5952c620') in 0.028959 seconds
  Import took 0.032575 seconds .

========================================================================
Received Import Request.
  Time since last request: 0.000196 seconds.
  path: Assets/Prefabs/Prefab Rooms/RoomGenericE2.prefab
  artifactKey: Guid(dfd8229c06247ea42b6d8c47fa387121) Importer(815301076,1909f56bfc062723c751e8b465ee728b)
Start importing Assets/Prefabs/Prefab Rooms/RoomGenericE2.prefab using Guid(dfd8229c06247ea42b6d8c47fa387121) Importer(815301076,1909f56bfc062723c751e8b465ee728b)  -> (artifact id: 'c86e5a5faf0065e0f0138e532dc3b750') in 0.025449 seconds
  Import took 0.029330 seconds .

========================================================================
Received Prepare
Registering precompiled user dll's ...
Registered in 0.001129 seconds.
Begin MonoManager ReloadAssembly
Native extension for WindowsStandalone target not found
Refreshing native plugins compatible for Editor in 0.42 ms, found 1 plugins.
Preloading 0 native plugins for Editor in 0.00 ms.
Mono: successfully reloaded assembly
- Completed reload, in  1.007 seconds
Platform modules already initialized, skipping
Refreshing native plugins compatible for Editor in 0.42 ms, found 1 plugins.
Preloading 0 native plugins for Editor in 0.00 ms.
Unloading 1809 Unused Serialized files (Serialized files now loaded: 0)
System memory in use before: 89.0 MB.
System memory in use after: 89.0 MB.

Unloading 11 unused Assets to reduce memory usage. Loaded Objects now: 2275.
Total: 2.475000 ms (FindLiveObjects: 0.305900 ms CreateObjectMapping: 0.068800 ms MarkObjects: 1.988600 ms  DeleteObjects: 0.110600 ms)

========================================================================
Received Prepare
Registering precompiled user dll's ...
Registered in 0.001182 seconds.
Begin MonoManager ReloadAssembly
Native extension for WindowsStandalone target not found
Refreshing native plugins compatible for Editor in 0.46 ms, found 1 plugins.
Preloading 0 native plugins for Editor in 0.00 ms.
Mono: successfully reloaded assembly
- Completed reload, in  1.005 seconds
Platform modules already initialized, skipping
Refreshing native plugins compatible for Editor in 0.44 ms, found 1 plugins.
Preloading 0 native plugins for Editor in 0.00 ms.
Unloading 1809 Unused Serialized files (Serialized files now loaded: 0)
System memory in use before: 89.0 MB.
System memory in use after: 89.0 MB.

Unloading 11 unused Assets to reduce memory usage. Loaded Objects now: 2279.
Total: 2.923600 ms (FindLiveObjects: 0.225200 ms CreateObjectMapping: 0.046300 ms MarkObjects: 2.529900 ms  DeleteObjects: 0.120800 ms)

========================================================================
Received Import Request.
  Time since last request: 80.407820 seconds.
  path: Assets/Prefabs/Prefab Rooms/RoomGenericE2.prefab
  artifactKey: Guid(dfd8229c06247ea42b6d8c47fa387121) Importer(815301076,1909f56bfc062723c751e8b465ee728b)
Start importing Assets/Prefabs/Prefab Rooms/RoomGenericE2.prefab using Guid(dfd8229c06247ea42b6d8c47fa387121) Importer(815301076,1909f56bfc062723c751e8b465ee728b)  -> (artifact id: 'f8d73eedd364304a5713aabd0ce96fb4') in 0.068354 seconds
  Import took 0.072239 seconds .

========================================================================
Received Import Request.
  Time since last request: 0.011680 seconds.
  path: Assets/Prefabs/Prefab Rooms/RoomGenericE2.prefab
  artifactKey: Guid(dfd8229c06247ea42b6d8c47fa387121) Importer(815301076,1909f56bfc062723c751e8b465ee728b)
Start importing Assets/Prefabs/Prefab Rooms/RoomGenericE2.prefab using Guid(dfd8229c06247ea42b6d8c47fa387121) Importer(815301076,1909f56bfc062723c751e8b465ee728b)  -> (artifact id: 'f8d73eedd364304a5713aabd0ce96fb4') in 0.013943 seconds
  Import took 0.017959 seconds .

========================================================================
Received Import Request.
  Time since last request: 61.321464 seconds.
  path: Assets/Prefabs/Prefab Rooms/RoomGenericE3.prefab
  artifactKey: Guid(ff05be02630d16c46a8b2a824d0065f0) Importer(815301076,1909f56bfc062723c751e8b465ee728b)
Start importing Assets/Prefabs/Prefab Rooms/RoomGenericE3.prefab using Guid(ff05be02630d16c46a8b2a824d0065f0) Importer(815301076,1909f56bfc062723c751e8b465ee728b)  -> (artifact id: '2cd680f99f0b3f59a5c6d3342dbeaf8d') in 0.022196 seconds
  Import took 0.026197 seconds .

========================================================================
Received Import Request.
  Time since last request: 6.789947 seconds.
  path: Assets/Prefabs/Prefab Rooms/RoomGenericE3.prefab
  artifactKey: Guid(ff05be02630d16c46a8b2a824d0065f0) Importer(815301076,1909f56bfc062723c751e8b465ee728b)
Start importing Assets/Prefabs/Prefab Rooms/RoomGenericE3.prefab using Guid(ff05be02630d16c46a8b2a824d0065f0) Importer(815301076,1909f56bfc062723c751e8b465ee728b)  -> (artifact id: '2472cc42aa24b773beb995926d93c93c') in 0.021012 seconds
  Import took 0.025263 seconds .

========================================================================
Received Import Request.
  Time since last request: 6.309900 seconds.
  path: Assets/Prefabs/Prefab Rooms/RoomGenericE3.prefab
  artifactKey: Guid(ff05be02630d16c46a8b2a824d0065f0) Importer(815301076,1909f56bfc062723c751e8b465ee728b)
Start importing Assets/Prefabs/Prefab Rooms/RoomGenericE3.prefab using Guid(ff05be02630d16c46a8b2a824d0065f0) Importer(815301076,1909f56bfc062723c751e8b465ee728b)  -> (artifact id: '237758712ee462552de254361a96084c') in 0.017891 seconds
  Import took 0.021914 seconds .

========================================================================
Received Import Request.
  Time since last request: 4.198701 seconds.
  path: Assets/Prefabs/Prefab Rooms/RoomGenericE3.prefab
  artifactKey: Guid(ff05be02630d16c46a8b2a824d0065f0) Importer(815301076,1909f56bfc062723c751e8b465ee728b)
Start importing Assets/Prefabs/Prefab Rooms/RoomGenericE3.prefab using Guid(ff05be02630d16c46a8b2a824d0065f0) Importer(815301076,1909f56bfc062723c751e8b465ee728b)  -> (artifact id: '2e1003e65374e74440e006705368abc5') in 0.018145 seconds
  Import took 0.022531 seconds .

========================================================================
Received Import Request.
  Time since last request: 8.680634 seconds.
  path: Assets/Prefabs/Prefab Rooms/RoomGenericE3.prefab
  artifactKey: Guid(ff05be02630d16c46a8b2a824d0065f0) Importer(815301076,1909f56bfc062723c751e8b465ee728b)
Start importing Assets/Prefabs/Prefab Rooms/RoomGenericE3.prefab using Guid(ff05be02630d16c46a8b2a824d0065f0) Importer(815301076,1909f56bfc062723c751e8b465ee728b)  -> (artifact id: '3ae0178a1072d245d52844ac797f95bd') in 0.027948 seconds
  Import took 0.032108 seconds .

========================================================================
Received Import Request.
  Time since last request: 18.863568 seconds.
  path: Assets/Prefabs/Prefab Rooms/RoomGenericE3.prefab
  artifactKey: Guid(ff05be02630d16c46a8b2a824d0065f0) Importer(815301076,1909f56bfc062723c751e8b465ee728b)
Start importing Assets/Prefabs/Prefab Rooms/RoomGenericE3.prefab using Guid(ff05be02630d16c46a8b2a824d0065f0) Importer(815301076,1909f56bfc062723c751e8b465ee728b)  -> (artifact id: 'b1381bdd817b002d236461b4bc6d82dd') in 0.026217 seconds
  Import took 0.030331 seconds .

========================================================================
Received Import Request.
  Time since last request: 4.140260 seconds.
  path: Assets/Prefabs/Prefab Rooms/RoomGenericE3.prefab
  artifactKey: Guid(ff05be02630d16c46a8b2a824d0065f0) Importer(815301076,1909f56bfc062723c751e8b465ee728b)
Start importing Assets/Prefabs/Prefab Rooms/RoomGenericE3.prefab using Guid(ff05be02630d16c46a8b2a824d0065f0) Importer(815301076,1909f56bfc062723c751e8b465ee728b)  -> (artifact id: 'fd75b593eb3eb4ba14922ff3032a67f8') in 0.024382 seconds
  Import took 0.028685 seconds .

========================================================================
Received Import Request.
  Time since last request: 7.940924 seconds.
  path: Assets/Prefabs/Prefab Rooms/RoomGenericE3.prefab
  artifactKey: Guid(ff05be02630d16c46a8b2a824d0065f0) Importer(815301076,1909f56bfc062723c751e8b465ee728b)
Start importing Assets/Prefabs/Prefab Rooms/RoomGenericE3.prefab using Guid(ff05be02630d16c46a8b2a824d0065f0) Importer(815301076,1909f56bfc062723c751e8b465ee728b)  -> (artifact id: 'f81f16827b28286af18e1eb22d53762a') in 0.024046 seconds
  Import took 0.028042 seconds .

========================================================================
Received Import Request.
  Time since last request: 3.218800 seconds.
  path: Assets/Prefabs/Prefab Rooms/RoomGenericE3.prefab
  artifactKey: Guid(ff05be02630d16c46a8b2a824d0065f0) Importer(815301076,1909f56bfc062723c751e8b465ee728b)
Start importing Assets/Prefabs/Prefab Rooms/RoomGenericE3.prefab using Guid(ff05be02630d16c46a8b2a824d0065f0) Importer(815301076,1909f56bfc062723c751e8b465ee728b)  -> (artifact id: 'd524744a0f81f07358b2e913548e0807') in 0.023875 seconds
  Import took 0.028146 seconds .

========================================================================
Received Import Request.
  Time since last request: 143.098985 seconds.
  path: Assets/Prefabs/Obstacle.prefab
  artifactKey: Guid(bae1bce960c55a744900cd6622de3ffd) Importer(815301076,1909f56bfc062723c751e8b465ee728b)
Start importing Assets/Prefabs/Obstacle.prefab using Guid(bae1bce960c55a744900cd6622de3ffd) Importer(815301076,1909f56bfc062723c751e8b465ee728b)  -> (artifact id: 'bc2416bd6b73d84fb76ea31703aa8382') in 0.221646 seconds
  Import took 0.225309 seconds .

========================================================================
Received Import Request.
  Time since last request: 12.929639 seconds.
  path: Assets/Prefabs/Prefab Rooms/RoomGenericE3.prefab
  artifactKey: Guid(ff05be02630d16c46a8b2a824d0065f0) Importer(815301076,1909f56bfc062723c751e8b465ee728b)
Start importing Assets/Prefabs/Prefab Rooms/RoomGenericE3.prefab using Guid(ff05be02630d16c46a8b2a824d0065f0) Importer(815301076,1909f56bfc062723c751e8b465ee728b)  -> (artifact id: 'c68a5602d94e3322be285d91ce4da6e5') in 0.022748 seconds
  Import took 0.026822 seconds .

========================================================================
Received Import Request.
  Time since last request: 0.785321 seconds.
  path: Assets/Prefabs/Prefab Rooms/RoomGenericE3.prefab
  artifactKey: Guid(ff05be02630d16c46a8b2a824d0065f0) Importer(815301076,1909f56bfc062723c751e8b465ee728b)
Start importing Assets/Prefabs/Prefab Rooms/RoomGenericE3.prefab using Guid(ff05be02630d16c46a8b2a824d0065f0) Importer(815301076,1909f56bfc062723c751e8b465ee728b)  -> (artifact id: '02e5e0a82a76c5f62c0c07de6b5aadd0') in 0.117831 seconds
  Import took 0.122458 seconds .

========================================================================
Received Import Request.
  Time since last request: 0.002586 seconds.
  path: Assets/Prefabs/Prefab Rooms/RoomGenericE3.prefab
  artifactKey: Guid(ff05be02630d16c46a8b2a824d0065f0) Importer(815301076,1909f56bfc062723c751e8b465ee728b)
Start importing Assets/Prefabs/Prefab Rooms/RoomGenericE3.prefab using Guid(ff05be02630d16c46a8b2a824d0065f0) Importer(815301076,1909f56bfc062723c751e8b465ee728b)  -> (artifact id: '02e5e0a82a76c5f62c0c07de6b5aadd0') in 0.018633 seconds
  Import took 0.023198 seconds .

========================================================================
Received Import Request.
  Time since last request: 11.767150 seconds.
  path: Assets/Prefabs/Prefab Rooms/RoomGenericE2.prefab
  artifactKey: Guid(dfd8229c06247ea42b6d8c47fa387121) Importer(815301076,1909f56bfc062723c751e8b465ee728b)
Start importing Assets/Prefabs/Prefab Rooms/RoomGenericE2.prefab using Guid(dfd8229c06247ea42b6d8c47fa387121) Importer(815301076,1909f56bfc062723c751e8b465ee728b)  -> (artifact id: 'cdb7e1d41974e25fb565285600031a99') in 0.056056 seconds
  Import took 0.061154 seconds .

========================================================================
Received Import Request.
  Time since last request: 1.780285 seconds.
  path: Assets/Prefabs/Prefab Rooms/RoomGenericE2.prefab
  artifactKey: Guid(dfd8229c06247ea42b6d8c47fa387121) Importer(815301076,1909f56bfc062723c751e8b465ee728b)
Start importing Assets/Prefabs/Prefab Rooms/RoomGenericE2.prefab using Guid(dfd8229c06247ea42b6d8c47fa387121) Importer(815301076,1909f56bfc062723c751e8b465ee728b)  -> (artifact id: '9eec8d8142105795bffd94923f2aaa5d') in 0.021698 seconds
  Import took 0.026173 seconds .

========================================================================
Received Import Request.
  Time since last request: 20.023446 seconds.
  path: Assets/Prefabs/Prefab Rooms/RoomGenericE2.prefab
  artifactKey: Guid(dfd8229c06247ea42b6d8c47fa387121) Importer(815301076,1909f56bfc062723c751e8b465ee728b)
Start importing Assets/Prefabs/Prefab Rooms/RoomGenericE2.prefab using Guid(dfd8229c06247ea42b6d8c47fa387121) Importer(815301076,1909f56bfc062723c751e8b465ee728b)  -> (artifact id: '8e4343bfc12e36fb4ef630b37b7d0271') in 0.017853 seconds
  Import took 0.022222 seconds .

========================================================================
Received Import Request.
  Time since last request: 21.005236 seconds.
  path: Assets/Prefabs/Prefab Rooms/RoomGenericE2.prefab
  artifactKey: Guid(dfd8229c06247ea42b6d8c47fa387121) Importer(815301076,1909f56bfc062723c751e8b465ee728b)
Start importing Assets/Prefabs/Prefab Rooms/RoomGenericE2.prefab using Guid(dfd8229c06247ea42b6d8c47fa387121) Importer(815301076,1909f56bfc062723c751e8b465ee728b)  -> (artifact id: '3e6b3721e8ac6bc1941bae3cab2a0833') in 0.021716 seconds
  Import took 0.025665 seconds .

========================================================================
Received Import Request.
  Time since last request: 8.627303 seconds.
  path: Assets/Prefabs/Prefab Rooms/RoomGenericE1.prefab
  artifactKey: Guid(5c5e78cb0cfb72f4bac707ebf94b49fc) Importer(815301076,1909f56bfc062723c751e8b465ee728b)
Start importing Assets/Prefabs/Prefab Rooms/RoomGenericE1.prefab using Guid(5c5e78cb0cfb72f4bac707ebf94b49fc) Importer(815301076,1909f56bfc062723c751e8b465ee728b)  -> (artifact id: 'd10c42c547693dab4f562dc5b8dc2fcb') in 0.020883 seconds
  Import took 0.024751 seconds .

========================================================================
Received Import Request.
  Time since last request: 1.282082 seconds.
  path: Assets/Prefabs/Prefab Rooms/RoomGenericE1.prefab
  artifactKey: Guid(5c5e78cb0cfb72f4bac707ebf94b49fc) Importer(815301076,1909f56bfc062723c751e8b465ee728b)
Start importing Assets/Prefabs/Prefab Rooms/RoomGenericE1.prefab using Guid(5c5e78cb0cfb72f4bac707ebf94b49fc) Importer(815301076,1909f56bfc062723c751e8b465ee728b)  -> (artifact id: '43750503906da3ae276afdaa202aa12d') in 0.025696 seconds
  Import took 0.029579 seconds .

========================================================================
Received Import Request.
  Time since last request: 107.962313 seconds.
  path: Assets/Prefabs/Prefab Rooms/RoomGenericE2.prefab
  artifactKey: Guid(dfd8229c06247ea42b6d8c47fa387121) Importer(815301076,1909f56bfc062723c751e8b465ee728b)
Start importing Assets/Prefabs/Prefab Rooms/RoomGenericE2.prefab using Guid(dfd8229c06247ea42b6d8c47fa387121) Importer(815301076,1909f56bfc062723c751e8b465ee728b)  -> (artifact id: '0b03b730353396884945587d5c4e7ecb') in 0.021747 seconds
  Import took 0.025787 seconds .

========================================================================
Received Import Request.
  Time since last request: 123.478519 seconds.
  path: Assets/Prefabs/WallAntyEnemyGeneric.prefab
  artifactKey: Guid(9ee685dc57972914e8e3de69b9e03daf) Importer(815301076,1909f56bfc062723c751e8b465ee728b)
Start importing Assets/Prefabs/WallAntyEnemyGeneric.prefab using Guid(9ee685dc57972914e8e3de69b9e03daf) Importer(815301076,1909f56bfc062723c751e8b465ee728b)  -> (artifact id: '0b917d07023542f57106877ab02aff0e') in 0.017044 seconds
  Import took 0.021110 seconds .

========================================================================
Received Import Request.
  Time since last request: 0.019054 seconds.
  path: Assets/Prefabs/WallAntyEnemyGeneric.prefab
  artifactKey: Guid(9ee685dc57972914e8e3de69b9e03daf) Importer(815301076,1909f56bfc062723c751e8b465ee728b)
Start importing Assets/Prefabs/WallAntyEnemyGeneric.prefab using Guid(9ee685dc57972914e8e3de69b9e03daf) Importer(815301076,1909f56bfc062723c751e8b465ee728b)  -> (artifact id: '0b917d07023542f57106877ab02aff0e') in 0.009546 seconds
  Import took 0.013088 seconds .

========================================================================
Received Import Request.
  Time since last request: 22.937747 seconds.
  path: Assets/Prefabs/Prefab Rooms/RoomGenericE3.prefab
  artifactKey: Guid(ff05be02630d16c46a8b2a824d0065f0) Importer(815301076,1909f56bfc062723c751e8b465ee728b)
Start importing Assets/Prefabs/Prefab Rooms/RoomGenericE3.prefab using Guid(ff05be02630d16c46a8b2a824d0065f0) Importer(815301076,1909f56bfc062723c751e8b465ee728b)  -> (artifact id: 'c7f5396781363ea0402ad7d068293339') in 0.054697 seconds
  Import took 0.060410 seconds .

========================================================================
Received Import Request.
  Time since last request: 109.645359 seconds.
  path: Assets/Prefabs/Prefab Rooms/RoomGenericE3.prefab
  artifactKey: Guid(ff05be02630d16c46a8b2a824d0065f0) Importer(815301076,1909f56bfc062723c751e8b465ee728b)
Start importing Assets/Prefabs/Prefab Rooms/RoomGenericE3.prefab using Guid(ff05be02630d16c46a8b2a824d0065f0) Importer(815301076,1909f56bfc062723c751e8b465ee728b)  -> (artifact id: '595de15829cb93cd20b56d274732fb77') in 0.028398 seconds
  Import took 0.034219 seconds .

========================================================================
Received Import Request.
  Time since last request: 1652.346960 seconds.
  path: Assets/Prefabs/Prefab Rooms/RoomGenericE3.prefab
  artifactKey: Guid(ff05be02630d16c46a8b2a824d0065f0) Importer(815301076,1909f56bfc062723c751e8b465ee728b)
Start importing Assets/Prefabs/Prefab Rooms/RoomGenericE3.prefab using Guid(ff05be02630d16c46a8b2a824d0065f0) Importer(815301076,1909f56bfc062723c751e8b465ee728b)  -> (artifact id: '4410c31ae25dc5f5fcc007468f5bf0a5') in 0.019064 seconds
  Import took 0.023460 seconds .

========================================================================
Received Import Request.
  Time since last request: 3.821741 seconds.
  path: Assets/Prefabs/Prefab Rooms/RoomGenericE3.prefab
  artifactKey: Guid(ff05be02630d16c46a8b2a824d0065f0) Importer(815301076,1909f56bfc062723c751e8b465ee728b)
Start importing Assets/Prefabs/Prefab Rooms/RoomGenericE3.prefab using Guid(ff05be02630d16c46a8b2a824d0065f0) Importer(815301076,1909f56bfc062723c751e8b465ee728b)  -> (artifact id: '6381ac97e2e5269a6e158c378e705b9b') in 0.017735 seconds
  Import took 0.021927 seconds .

========================================================================
Received Import Request.
  Time since last request: 7.432423 seconds.
  path: Assets/Prefabs/Prefab Rooms/RoomGenericE3.prefab
  artifactKey: Guid(ff05be02630d16c46a8b2a824d0065f0) Importer(815301076,1909f56bfc062723c751e8b465ee728b)
Start importing Assets/Prefabs/Prefab Rooms/RoomGenericE3.prefab using Guid(ff05be02630d16c46a8b2a824d0065f0) Importer(815301076,1909f56bfc062723c751e8b465ee728b)  -> (artifact id: '7f858f49c71a20b35814d406124eae39') in 0.018830 seconds
  Import took 0.023323 seconds .

========================================================================
Received Import Request.
  Time since last request: 0.001568 seconds.
  path: Assets/Prefabs/Prefab Rooms/RoomGenericE3.prefab
  artifactKey: Guid(ff05be02630d16c46a8b2a824d0065f0) Importer(815301076,1909f56bfc062723c751e8b465ee728b)
Start importing Assets/Prefabs/Prefab Rooms/RoomGenericE3.prefab using Guid(ff05be02630d16c46a8b2a824d0065f0) Importer(815301076,1909f56bfc062723c751e8b465ee728b)  -> (artifact id: '7f858f49c71a20b35814d406124eae39') in 0.018237 seconds
  Import took 0.022461 seconds .

========================================================================
Received Import Request.
  Time since last request: 1.842892 seconds.
  path: Assets/Prefabs/Prefab Rooms/RoomGenericE3.prefab
  artifactKey: Guid(ff05be02630d16c46a8b2a824d0065f0) Importer(815301076,1909f56bfc062723c751e8b465ee728b)
Start importing Assets/Prefabs/Prefab Rooms/RoomGenericE3.prefab using Guid(ff05be02630d16c46a8b2a824d0065f0) Importer(815301076,1909f56bfc062723c751e8b465ee728b)  -> (artifact id: '47083ec5fed336e1d89bdbaf35a0ffa1') in 0.016983 seconds
  Import took 0.021184 seconds .

========================================================================
Received Import Request.
  Time since last request: 2.019013 seconds.
  path: Assets/Prefabs/Prefab Rooms/RoomGenericE3.prefab
  artifactKey: Guid(ff05be02630d16c46a8b2a824d0065f0) Importer(815301076,1909f56bfc062723c751e8b465ee728b)
Start importing Assets/Prefabs/Prefab Rooms/RoomGenericE3.prefab using Guid(ff05be02630d16c46a8b2a824d0065f0) Importer(815301076,1909f56bfc062723c751e8b465ee728b)  -> (artifact id: 'fe3e358c05a4211ae2dea2b76bcd0d4d') in 0.018323 seconds
  Import took 0.022370 seconds .

========================================================================
Received Import Request.
  Time since last request: 2.296984 seconds.
  path: Assets/Prefabs/Prefab Rooms/RoomGenericE3.prefab
  artifactKey: Guid(ff05be02630d16c46a8b2a824d0065f0) Importer(815301076,1909f56bfc062723c751e8b465ee728b)
Start importing Assets/Prefabs/Prefab Rooms/RoomGenericE3.prefab using Guid(ff05be02630d16c46a8b2a824d0065f0) Importer(815301076,1909f56bfc062723c751e8b465ee728b)  -> (artifact id: '9b380717ddab324f5a32a5cb69681f88') in 0.018481 seconds
  Import took 0.022629 seconds .

========================================================================
Received Import Request.
  Time since last request: 2119.553332 seconds.
  path: Assets/Prefabs/Prefab Rooms/RoomGenericE4.prefab
  artifactKey: Guid(2f18cdf24dfb8184a97972531e56f2e2) Importer(815301076,1909f56bfc062723c751e8b465ee728b)
Start importing Assets/Prefabs/Prefab Rooms/RoomGenericE4.prefab using Guid(2f18cdf24dfb8184a97972531e56f2e2) Importer(815301076,1909f56bfc062723c751e8b465ee728b)  -> (artifact id: '4f5731cce592b3d56632218badef0380') in 0.034024 seconds
  Import took 0.038073 seconds .

========================================================================
Received Import Request.
  Time since last request: 146.091038 seconds.
  path: Assets/Prefabs/Prefab Rooms/RoomGenericE4.prefab
  artifactKey: Guid(2f18cdf24dfb8184a97972531e56f2e2) Importer(815301076,1909f56bfc062723c751e8b465ee728b)
Start importing Assets/Prefabs/Prefab Rooms/RoomGenericE4.prefab using Guid(2f18cdf24dfb8184a97972531e56f2e2) Importer(815301076,1909f56bfc062723c751e8b465ee728b)  -> (artifact id: '0cd6c22711d36b1f02882aa137193774') in 0.015208 seconds
  Import took 0.019163 seconds .

========================================================================
Received Import Request.
  Time since last request: 5.551897 seconds.
  path: Assets/Prefabs/Prefab Rooms/RoomGenericE4.prefab
  artifactKey: Guid(2f18cdf24dfb8184a97972531e56f2e2) Importer(815301076,1909f56bfc062723c751e8b465ee728b)
Start importing Assets/Prefabs/Prefab Rooms/RoomGenericE4.prefab using Guid(2f18cdf24dfb8184a97972531e56f2e2) Importer(815301076,1909f56bfc062723c751e8b465ee728b)  -> (artifact id: '35304ae60fe270466ce0df9470f992d9') in 0.015146 seconds
  Import took 0.018992 seconds .

========================================================================
Received Prepare
Registering precompiled user dll's ...
Registered in 0.042318 seconds.
Begin MonoManager ReloadAssembly
Native extension for WindowsStandalone target not found
Refreshing native plugins compatible for Editor in 0.41 ms, found 1 plugins.
Preloading 0 native plugins for Editor in 0.00 ms.
Mono: successfully reloaded assembly
- Completed reload, in  0.985 seconds
Platform modules already initialized, skipping
Refreshing native plugins compatible for Editor in 0.39 ms, found 1 plugins.
Preloading 0 native plugins for Editor in 0.00 ms.
Unloading 1809 Unused Serialized files (Serialized files now loaded: 0)
System memory in use before: 89.9 MB.
System memory in use after: 89.9 MB.

Unloading 11 unused Assets to reduce memory usage. Loaded Objects now: 2284.
Total: 2.183200 ms (FindLiveObjects: 0.246800 ms CreateObjectMapping: 0.047700 ms MarkObjects: 1.784200 ms  DeleteObjects: 0.103500 ms)

========================================================================
Received Prepare
Registering precompiled user dll's ...
Registered in 0.001134 seconds.
Begin MonoManager ReloadAssembly
Native extension for WindowsStandalone target not found
Refreshing native plugins compatible for Editor in 0.41 ms, found 1 plugins.
Preloading 0 native plugins for Editor in 0.00 ms.
Mono: successfully reloaded assembly
- Completed reload, in  1.058 seconds
Platform modules already initialized, skipping
Refreshing native plugins compatible for Editor in 0.66 ms, found 1 plugins.
Preloading 0 native plugins for Editor in 0.00 ms.
Unloading 1809 Unused Serialized files (Serialized files now loaded: 0)
System memory in use before: 89.9 MB.
System memory in use after: 89.9 MB.

Unloading 11 unused Assets to reduce memory usage. Loaded Objects now: 2288.
Total: 2.439900 ms (FindLiveObjects: 0.315100 ms CreateObjectMapping: 0.086100 ms MarkObjects: 1.905700 ms  DeleteObjects: 0.131600 ms)

========================================================================
Received Import Request.
  Time since last request: 198.968174 seconds.
  path: Assets/Prefabs/Prefab Rooms/RoomGenericE1.prefab
  artifactKey: Guid(5c5e78cb0cfb72f4bac707ebf94b49fc) Importer(815301076,1909f56bfc062723c751e8b465ee728b)
Start importing Assets/Prefabs/Prefab Rooms/RoomGenericE1.prefab using Guid(5c5e78cb0cfb72f4bac707ebf94b49fc) Importer(815301076,1909f56bfc062723c751e8b465ee728b)  -> (artifact id: '74af7ec2576f99c076b7bf22c470510f') in 0.075627 seconds
  Import took 0.079675 seconds .

========================================================================
Received Prepare
Registering precompiled user dll's ...
Registered in 0.001681 seconds.
Begin MonoManager ReloadAssembly
Native extension for WindowsStandalone target not found
Refreshing native plugins compatible for Editor in 0.41 ms, found 1 plugins.
Preloading 0 native plugins for Editor in 0.00 ms.
Mono: successfully reloaded assembly
- Completed reload, in  1.122 seconds
Platform modules already initialized, skipping
Refreshing native plugins compatible for Editor in 0.41 ms, found 1 plugins.
Preloading 0 native plugins for Editor in 0.00 ms.
Unloading 1809 Unused Serialized files (Serialized files now loaded: 0)
System memory in use before: 89.9 MB.
System memory in use after: 89.9 MB.

Unloading 11 unused Assets to reduce memory usage. Loaded Objects now: 2293.
Total: 2.217500 ms (FindLiveObjects: 0.218900 ms CreateObjectMapping: 0.046900 ms MarkObjects: 1.846700 ms  DeleteObjects: 0.103600 ms)

========================================================================
Received Import Request.
  Time since last request: 37.274344 seconds.
  path: Assets/Prefabs/Obstacle.prefab
  artifactKey: Guid(bae1bce960c55a744900cd6622de3ffd) Importer(815301076,1909f56bfc062723c751e8b465ee728b)
Start importing Assets/Prefabs/Obstacle.prefab using Guid(bae1bce960c55a744900cd6622de3ffd) Importer(815301076,1909f56bfc062723c751e8b465ee728b)  -> (artifact id: 'a333f9edec5a95b1670ce95c815245d3') in 0.071340 seconds
  Import took 0.074961 seconds .

========================================================================
Received Prepare
Registering precompiled user dll's ...
Registered in 0.001346 seconds.
Begin MonoManager ReloadAssembly
Native extension for WindowsStandalone target not found
Refreshing native plugins compatible for Editor in 0.50 ms, found 1 plugins.
Preloading 0 native plugins for Editor in 0.00 ms.
Mono: successfully reloaded assembly
- Completed reload, in  1.083 seconds
Platform modules already initialized, skipping
Refreshing native plugins compatible for Editor in 0.41 ms, found 1 plugins.
Preloading 0 native plugins for Editor in 0.00 ms.
Unloading 1809 Unused Serialized files (Serialized files now loaded: 0)
System memory in use before: 89.9 MB.
System memory in use after: 89.9 MB.

Unloading 11 unused Assets to reduce memory usage. Loaded Objects now: 2298.
Total: 2.317700 ms (FindLiveObjects: 0.216600 ms CreateObjectMapping: 0.045700 ms MarkObjects: 1.946500 ms  DeleteObjects: 0.107900 ms)

========================================================================
Received Prepare
Registering precompiled user dll's ...
Registered in 0.002080 seconds.
Begin MonoManager ReloadAssembly
Native extension for WindowsStandalone target not found
Refreshing native plugins compatible for Editor in 0.41 ms, found 1 plugins.
Preloading 0 native plugins for Editor in 0.00 ms.
Mono: successfully reloaded assembly
- Completed reload, in  0.988 seconds
Platform modules already initialized, skipping
Refreshing native plugins compatible for Editor in 0.44 ms, found 1 plugins.
Preloading 0 native plugins for Editor in 0.00 ms.
Unloading 1809 Unused Serialized files (Serialized files now loaded: 0)
System memory in use before: 89.9 MB.
System memory in use after: 90.0 MB.

Unloading 11 unused Assets to reduce memory usage. Loaded Objects now: 2302.
Total: 2.612500 ms (FindLiveObjects: 0.356600 ms CreateObjectMapping: 0.077100 ms MarkObjects: 2.062400 ms  DeleteObjects: 0.115200 ms)

========================================================================
Received Prepare
Registering precompiled user dll's ...
Registered in 0.001160 seconds.
Begin MonoManager ReloadAssembly
Native extension for WindowsStandalone target not found
Refreshing native plugins compatible for Editor in 0.41 ms, found 1 plugins.
Preloading 0 native plugins for Editor in 0.00 ms.
Mono: successfully reloaded assembly
- Completed reload, in  1.031 seconds
Platform modules already initialized, skipping
Refreshing native plugins compatible for Editor in 0.40 ms, found 1 plugins.
Preloading 0 native plugins for Editor in 0.00 ms.
Unloading 1809 Unused Serialized files (Serialized files now loaded: 0)
System memory in use before: 89.9 MB.
System memory in use after: 90.0 MB.

Unloading 11 unused Assets to reduce memory usage. Loaded Objects now: 2306.
Total: 2.273200 ms (FindLiveObjects: 0.238400 ms CreateObjectMapping: 0.046600 ms MarkObjects: 1.876000 ms  DeleteObjects: 0.110600 ms)

========================================================================
Received Prepare
Registering precompiled user dll's ...
Registered in 0.001358 seconds.
Begin MonoManager ReloadAssembly
Native extension for WindowsStandalone target not found
Refreshing native plugins compatible for Editor in 0.41 ms, found 1 plugins.
Preloading 0 native plugins for Editor in 0.00 ms.
Mono: successfully reloaded assembly
- Completed reload, in  1.073 seconds
Platform modules already initialized, skipping
Refreshing native plugins compatible for Editor in 0.40 ms, found 1 plugins.
Preloading 0 native plugins for Editor in 0.00 ms.
Unloading 1809 Unused Serialized files (Serialized files now loaded: 0)
System memory in use before: 89.9 MB.
System memory in use after: 90.0 MB.

Unloading 11 unused Assets to reduce memory usage. Loaded Objects now: 2310.
Total: 2.228600 ms (FindLiveObjects: 0.238300 ms CreateObjectMapping: 0.047900 ms MarkObjects: 1.832900 ms  DeleteObjects: 0.108000 ms)

AssetImportWorkerClient::OnTransportError - code=2 error=End of file
